2023-07-02 14:28:42,870 - ['70A11D1D01000028'] - Incomming WebSocket data. ['Connected']
2023-07-02 14:28:45,752 - ['70A11D1D01000027'] - Incomming WebSocket data. ['Connected']
2023-07-02 14:28:48,911 - ['70A11D1D01000026'] - Incomming WebSocket data. ['Connected']
2023-07-02 14:28:52,698 - ['70A11D1D01000026'] - Outgoing WebSocket data. ['203']
2023-07-02 14:28:56,239 - ['BroadCast'] - Outgoing WebSocket data. ['202']
2023-07-02 14:29:01,756 - ['70A11D1D01000028'] - Incomming WebSocket data. ['Status']
2023-07-02 14:31:37,426 - ['70A11D1D01000026'] - Incomming data pack from ['STF'] - ['WeatherStat'] with ['Timed']
2023-07-02 14:35:12,742 - ['70A11D1D01000026'] - Incomming WebSocket data. ['Disconnected']
2023-07-02 14:35:12,785 - ['70A11D1D01000027'] - Incomming WebSocket data. ['Disconnected']
2023-07-02 14:35:12,789 - ['70A11D1D01000028'] - Incomming WebSocket data. ['Disconnected']
2023-07-02 14:35:12,842 - Service Stopped.
2023-07-02 14:35:13,498 - Service Started.
2023-07-02 14:36:07,904 - Service Stopped.
2023-07-02 14:36:08,362 - Service Started.
2023-07-02 14:57:37,830 - ['0'] - Incomming WebSocket data. ['Status']
2023-07-02 18:33:32,112 - ['0'] - Incomming WebSocket data. ['Status']
2023-07-02 21:21:03,871 - ['0'] - Incomming WebSocket data. ['Status']
2023-07-02 21:21:11,356 - ['70A11D1D01000028'] - Incomming WebSocket data. ['Connected']
2023-07-02 21:21:13,174 - ['0'] - Incomming WebSocket data. ['Status']
2023-07-02 21:21:58,460 - ['0'] - Incomming WebSocket data. ['Status']
2023-07-02 21:24:33,306 - ['70A11D1D01000028'] - Incomming WebSocket data. ['Status']
2023-07-02 21:24:34,182 - ['70A11D1D01000028'] - Incomming WebSocket data. ['Status']
2023-07-02 21:24:35,105 - ['70A11D1D01000028'] - Incomming WebSocket data. ['Status']
2023-07-02 21:24:36,415 - ['70A11D1D01000028'] - Incomming WebSocket data. ['Status']
2023-07-02 21:24:50,590 - ['0'] - Incomming WebSocket data. ['Status']
2023-07-02 21:27:45,341 - ['70A11D1D01000023'] - Incomming WebSocket data. ['Connected']
2023-07-02 21:27:53,829 - ['BroadCast'] - Outgoing WebSocket data. ['202']
2023-07-02 21:27:56,947 - ['BroadCast'] - Outgoing WebSocket data. ['202']
2023-07-02 21:28:26,198 - ['BroadCast'] - Outgoing WebSocket data. ['202']
2023-07-02 21:28:39,958 - ['70A11D1D01000023'] - Incomming WebSocket data. ['Disconnected']
2023-07-02 21:28:44,687 - ['70A11D1D01000026'] - Incomming WebSocket data. ['Connected']
2023-07-02 21:28:51,251 - ['70A11D1D01000026'] - Incomming WebSocket data. ['Connected']
2023-07-02 21:28:54,452 - ['70A11D1D01000026'] - Incomming WebSocket data. ['Status']
2023-07-02 21:28:57,729 - ['70A11D1D01000026'] - Incomming WebSocket data. ['Connected']
2023-07-02 21:28:59,231 - ['70A11D1D01000026'] - Incomming WebSocket data. ['Disconnected']
2023-07-02 21:29:03,011 - ['70A11D1D01000026'] - Incomming WebSocket data. ['Disconnected']
2023-07-02 21:29:06,196 - ['70A11D1D01000026'] - Incomming WebSocket data. ['Connected']
2023-07-02 21:29:11,220 - ['70A11D1D01000026'] - Incomming WebSocket data. ['Status']
2023-07-02 21:29:18,231 - ['70A11D1D01000026'] - Outgoing WebSocket data. ['203']
2023-07-02 21:30:14,167 - ['70A11D1D01000026'] - Outgoing WebSocket data. ['203']
2023-07-02 21:30:17,654 - ['BroadCast'] - Outgoing WebSocket data. ['202']
2023-07-02 21:30:22,697 - ['BroadCast'] - Outgoing WebSocket data. ['202']
2023-07-02 21:30:28,376 - ['BroadCast'] - Outgoing WebSocket data. ['211']
2023-07-02 21:30:37,024 - ['BroadCast'] - Outgoing WebSocket data. ['211']
2023-07-02 21:30:37,421 - ['BroadCast'] - Outgoing WebSocket data. ['211']
2023-07-02 21:30:37,954 - ['BroadCast'] - Outgoing WebSocket data. ['211']
2023-07-02 21:30:38,334 - ['BroadCast'] - Outgoing WebSocket data. ['211']
2023-07-02 21:33:41,078 - ['70A11D1D01000026'] - Incomming WebSocket data. ['Disconnected']
2023-07-02 21:33:42,881 - ['70A11D1D01000026'] - Incomming WebSocket data. ['Connected']
2023-07-02 21:34:00,502 - ['BroadCast'] - Outgoing WebSocket data. ['211']
2023-07-02 21:34:03,217 - ['70A11D1D01000026'] - Outgoing WebSocket data. ['203']
2023-07-02 21:34:03,520 - ['70A11D1D01000026'] - Outgoing WebSocket data. ['203']
2023-07-02 21:34:03,878 - ['70A11D1D01000026'] - Outgoing WebSocket data. ['203']
2023-07-02 22:09:39,260 - ['0'] - Incomming WebSocket data. ['Status']
2023-07-02 22:09:45,713 - ['70A11D1D01000026'] - Incomming WebSocket data. ['Disconnected']
2023-07-02 22:09:47,321 - ['70A11D1D01000026'] - Incomming WebSocket data. ['Connected']
2023-07-02 22:09:54,697 - ['0'] - Incomming WebSocket data. ['Status']
2023-07-02 22:13:39,891 - ['0'] - Incomming WebSocket data. ['Status']
2023-07-02 22:15:19,910 - ['70A11D1D01000028'] - Incomming WebSocket data. ['Disconnected']
2023-07-02 22:15:20,140 - ['70A11D1D01000026'] - Incomming WebSocket data. ['Disconnected']
2023-07-02 22:15:20,144 - ['70A11D1D01000026'] - Incomming WebSocket data. ['Disconnected']
2023-07-02 22:15:20,154 - Service Stopped.
2023-07-02 22:15:21,591 - Service Started.
2023-07-02 22:16:40,650 - ['Device'] - Incomming WebSocket data. ['Connected']
2023-07-02 22:16:43,863 - ['Device'] - Incomming WebSocket data. ['Disconnected']
2023-07-02 22:16:43,962 - Service Stopped.
2023-07-02 22:16:44,688 - Service Started.
2023-07-02 22:16:49,251 - Service Stopped.
2023-07-02 22:16:49,675 - Service Started.
2023-07-02 22:16:53,969 - ['Device'] - Incomming WebSocket data. ['Connected']
2023-07-02 22:16:59,023 - ['70A11D1D01000028'] - Incomming WebSocket data. ['Connected']
2023-07-02 22:17:02,026 - ['70A11D1D01000027'] - Incomming WebSocket data. ['Connected']
2023-07-02 22:17:04,375 - ['70A11D1D01000026'] - Incomming WebSocket data. ['Connected']
2023-07-02 22:17:50,770 - ['Device'] - Incomming WebSocket data. ['Disconnected']
2023-07-02 22:17:50,803 - ['70A11D1D01000027'] - Incomming WebSocket data. ['Disconnected']
2023-07-02 22:17:50,808 - ['70A11D1D01000026'] - Incomming WebSocket data. ['Disconnected']
2023-07-02 22:17:50,825 - ['70A11D1D01000028'] - Incomming WebSocket data. ['Disconnected']
2023-07-02 22:17:50,870 - Service Stopped.
2023-07-02 22:17:51,364 - Service Started.
2023-07-02 22:17:55,059 - ['Device'] - Incomming WebSocket data. ['Connected']
2023-07-02 22:17:57,458 - ['70A11D1D01000028'] - Incomming WebSocket data. ['Connected']
2023-07-02 22:18:03,209 - ['70A11D1D01000027'] - Incomming WebSocket data. ['Connected']
2023-07-02 22:18:05,681 - ['70A11D1D01000026'] - Incomming WebSocket data. ['Connected']
2023-07-02 22:18:08,949 - ['70A11D1D01000026'] - Outgoing WebSocket data. ['203']
2023-07-02 22:18:51,219 - ['Device'] - Incomming WebSocket data. ['Subscribe']
2023-07-02 22:19:30,323 - ['70A11D1D01000028'] - Incomming WebSocket data. ['Disconnected']
2023-07-02 22:19:30,332 - ['Device'] - Incomming WebSocket data. ['Disconnected']
2023-07-02 22:19:30,334 - ['70A11D1D01000026'] - Incomming WebSocket data. ['Disconnected']
2023-07-02 22:19:30,336 - ['70A11D1D01000027'] - Incomming WebSocket data. ['Disconnected']
2023-07-02 22:19:30,424 - Service Stopped.
2023-07-02 22:19:31,302 - Service Started.
2023-07-02 22:19:34,958 - ['Device'] - Incomming WebSocket data. ['Connected']
2023-07-02 22:19:37,584 - ['70A11D1D01000026'] - Incomming WebSocket data. ['Connected']
2023-07-02 22:19:39,999 - ['70A11D1D01000027'] - Incomming WebSocket data. ['Connected']
2023-07-02 22:19:42,599 - ['70A11D1D01000028'] - Incomming WebSocket data. ['Connected']
2023-07-02 22:19:53,197 - ['Device'] - Incomming WebSocket data. ['Subscribe']
2023-07-02 22:19:59,915 - ['Device'] - Incomming WebSocket data. ['Disconnected']
2023-07-02 22:20:00,899 - ['Device'] - Incomming WebSocket data. ['Connected']
2023-07-02 22:20:04,131 - ['Device'] - Incomming WebSocket data. ['Subscribe']
2023-07-02 22:20:22,811 - ['Device'] - Incomming WebSocket data. ['Status']
2023-07-02 22:20:38,428 - ['70A11D1D01000026'] - Incomming WebSocket data. ['Disconnected']
2023-07-02 22:20:38,439 - ['70A11D1D01000028'] - Incomming WebSocket data. ['Disconnected']
2023-07-02 22:20:38,442 - ['Device'] - Incomming WebSocket data. ['Disconnected']
2023-07-02 22:20:38,446 - ['70A11D1D01000027'] - Incomming WebSocket data. ['Disconnected']
2023-07-02 22:20:38,528 - Service Stopped.
2023-07-02 22:20:39,178 - Service Started.
2023-07-02 22:23:38,421 - Service Stopped.
2023-07-02 22:23:39,144 - Service Started.
2023-07-02 22:24:02,830 - Service Stopped.
2023-07-02 22:24:03,269 - Service Started.
2023-07-02 22:24:13,788 - ['70A11D1D01000028'] - Incomming WebSocket data. ['Connected']
2023-07-02 22:24:16,472 - ['70A11D1D01000027'] - Incomming WebSocket data. ['Connected']
2023-07-02 22:24:19,823 - ['70A11D1D01000026'] - Incomming WebSocket data. ['Connected']
2023-07-02 22:24:23,398 - ['BroadCast'] - Outgoing WebSocket data. ['202']
2023-07-02 22:24:33,366 - ['70A11D1D01000026'] - Outgoing WebSocket data. ['203']
2023-07-02 22:24:38,984 - ['0'] - Incomming WebSocket data. ['Status']
2023-07-02 23:19:05,203 - ['0'] - Incomming WebSocket data. ['Status']
2023-07-03 00:01:02,605 - ['70A11D1D01000028'] - Incomming WebSocket data. ['Disconnected']
2023-07-03 00:01:03,162 - ['70A11D1D01000027'] - Incomming WebSocket data. ['Disconnected']
2023-07-03 00:01:03,171 - ['70A11D1D01000026'] - Incomming WebSocket data. ['Disconnected']
2023-07-03 00:01:03,180 - Service Stopped.
2023-07-03 00:01:04,135 - Service Started.
2023-07-03 00:01:13,567 - ['0'] - Incomming WebSocket data. ['Status']
2023-07-03 00:02:33,668 - Service Stopped.
2023-07-03 00:02:34,350 - Service Started.
2023-07-03 00:04:24,136 - ['70A11D1D01000028'] - Incomming WebSocket data. ['Connected']
2023-07-03 00:04:46,961 - ['70A11D1D01000028'] - Incomming WebSocket data. ['Status']
2023-07-03 00:05:41,557 - ['70A11D1D01000028'] - Incomming WebSocket data. ['Disconnected']
2023-07-03 00:05:41,657 - Service Stopped.
2023-07-03 00:05:42,421 - Service Started.
2023-07-03 00:06:13,539 - ['70A11D1D01000028'] - Incomming WebSocket data. ['Connected']
2023-07-03 00:06:20,704 - ['70A11D1D01000028'] - Incomming WebSocket data. ['Status']
2023-07-03 00:07:21,595 - ['70A11D1D01000028'] - Incomming WebSocket data. ['Disconnected']
2023-07-03 00:07:21,696 - Service Stopped.
2023-07-03 00:07:47,852 - Service Started.
2023-07-03 00:08:34,607 - Service Stopped.
2023-07-03 00:08:35,189 - Service Started.
2023-07-03 00:09:38,246 - Service Stopped.
2023-07-03 00:09:38,707 - Service Started.
2023-07-03 00:29:36,867 - ['70A11D1D01000028'] - Incomming WebSocket data. ['Connected']
2023-07-03 00:29:43,418 - ['70A11D1D01000028'] - Incomming WebSocket data. ['Status']
2023-07-03 00:29:44,026 - ['70A11D1D01000028'] - Incomming WebSocket data. ['Status']
2023-07-03 00:34:45,399 - ['70A11D1D01000028'] - Incomming WebSocket data. ['Disconnected']
2023-07-03 00:34:45,693 - Service Stopped.
2023-07-03 00:34:46,567 - Service Started.
2023-07-03 00:34:47,783 - Service Stopped.
2023-07-03 00:34:48,097 - Service Started.
2023-07-03 00:35:15,414 - Service Stopped.
2023-07-03 00:35:15,833 - Service Started.
2023-07-03 00:35:34,198 - ['70A11D1D01000028'] - Incomming WebSocket data. ['Connected']
2023-07-03 00:35:51,237 - ['70A11D1D01000028'] - Incomming WebSocket data. ['Status']
2023-07-03 00:36:12,258 - ['70A11D1D01000028'] - Incomming WebSocket data. ['Disconnected']
2023-07-03 00:36:12,360 - Service Stopped.
2023-07-03 00:36:12,807 - Service Started.
2023-07-03 00:36:14,027 - Service Stopped.
2023-07-03 00:36:14,392 - Service Started.
2023-07-03 00:36:17,190 - ['70A11D1D01000028'] - Incomming WebSocket data. ['Connected']
2023-07-03 00:36:28,103 - ['70A11D1D01000027'] - Incomming WebSocket data. ['Connected']
2023-07-03 00:36:34,723 - ['BroadCast'] - Outgoing WebSocket data. ['202']
2023-07-03 00:38:22,613 - ['70A11D1D01000028'] - Incomming WebSocket data. ['Status']
2023-07-03 00:38:57,461 - ['70A11D1D01000028'] - Incomming WebSocket data. ['Status']
2023-07-03 00:40:47,290 - ['70A11D1D01000027'] - Incomming WebSocket data. ['Disconnected']
2023-07-03 00:43:12,463 - ['70A11D1D01000028'] - Incomming WebSocket data. ['Disconnected']
2023-07-03 00:43:12,685 - Service Stopped.
2023-07-03 00:43:13,298 - Service Started.
2023-07-03 00:43:55,784 - Service Stopped.
2023-07-03 00:43:56,276 - Service Started.
2023-07-03 00:44:25,830 - Service Stopped.
2023-07-03 00:44:26,257 - Service Started.
2023-07-03 00:44:37,190 - Service Stopped.
2023-07-03 00:44:37,603 - Service Started.
2023-07-03 00:45:06,111 - Service Stopped.
2023-07-03 00:45:06,562 - Service Started.
2023-07-03 00:45:33,681 - Service Stopped.
2023-07-03 00:45:34,117 - Service Started.
2023-07-03 00:45:46,957 - Service Stopped.
2023-07-03 00:45:47,394 - Service Started.
2023-07-03 00:46:19,880 - Service Stopped.
2023-07-03 00:46:20,333 - Service Started.
2023-07-03 00:46:43,894 - Service Stopped.
2023-07-03 00:46:44,357 - Service Started.
2023-07-03 00:47:21,771 - Service Stopped.
2023-07-03 00:47:22,230 - Service Started.
2023-07-03 00:47:34,264 - Service Stopped.
2023-07-03 00:47:34,690 - Service Started.
2023-07-03 00:47:47,133 - Service Stopped.
2023-07-03 00:47:48,649 - Service Started.
2023-07-03 00:48:34,783 - Service Stopped.
2023-07-03 00:48:35,253 - Service Started.
2023-07-03 00:49:07,731 - ['70A11D1D01000028'] - Incomming WebSocket data. ['Connected']
2023-07-03 00:49:37,789 - ['BroadCast'] - Outgoing WebSocket data. ['202']
2023-07-03 00:50:09,967 - Service Stopped.
2023-07-03 00:50:10,418 - Service Started.
2023-07-03 00:50:45,540 - ['70A11D1D01000028'] - Incomming WebSocket data. ['Connected']
2023-07-03 00:59:55,409 - Service Stopped.
2023-07-03 00:59:56,479 - Service Started.
2023-07-03 01:01:03,274 - Service Stopped.
2023-07-03 01:01:04,170 - Service Started.
2023-07-03 01:01:06,600 - Service Stopped.
2023-07-03 01:01:07,060 - Service Started.
2023-07-03 01:01:19,732 - Service Stopped.
2023-07-03 01:01:20,230 - Service Started.
2023-07-03 01:01:22,422 - ['70A11D1D01000027'] - Incomming WebSocket data. ['Connected']
2023-07-03 01:01:25,124 - ['70A11D1D01000028'] - Incomming WebSocket data. ['Connected']
2023-07-03 01:01:28,258 - ['70A11D1D01000026'] - Incomming WebSocket data. ['Connected']
2023-07-03 01:01:31,381 - ['BroadCast'] - Outgoing WebSocket data. ['202']
2023-07-03 01:10:08,027 - ['0'] - Incomming WebSocket data. ['Status']
2023-07-03 08:01:50,773 - ['0'] - Incomming WebSocket data. ['Status']
2023-07-03 08:15:25,351 - ['0'] - Incomming WebSocket data. ['Status']
2023-07-03 08:15:34,716 - ['70A11D1D01000028'] - Incomming WebSocket data. ['Disconnected']
2023-07-03 08:15:34,728 - ['70A11D1D01000026'] - Incomming WebSocket data. ['Disconnected']
2023-07-03 08:15:34,730 - ['70A11D1D01000027'] - Incomming WebSocket data. ['Disconnected']
2023-07-03 08:15:34,816 - Service Stopped.
2023-07-03 08:15:35,702 - Service Started.
2023-07-03 08:15:36,408 - ['0'] - Incomming WebSocket data. ['Status']
2023-07-03 08:16:03,870 - ['70A11D1D01000028'] - Incomming WebSocket data. ['Connected']
2023-07-03 08:16:18,162 - ['70A11D1D01000028'] - Incomming WebSocket data. ['Subscribe']
2023-07-03 08:16:26,106 - ['70A11D1D01000028'] - Incomming WebSocket data. ['Battery']
2023-07-03 08:16:36,427 - ['70A11D1D01000028'] - Incomming WebSocket data. ['Status']
2023-07-03 08:16:36,962 - ['70A11D1D01000028'] - Incomming WebSocket data. ['Status']
2023-07-03 08:16:37,515 - ['70A11D1D01000028'] - Incomming WebSocket data. ['Status']
2023-07-03 08:16:42,060 - ['0'] - Incomming WebSocket data. ['Status']
2023-07-03 08:16:52,034 - ['70A11D1D01000027'] - Incomming WebSocket data. ['Connected']
2023-07-03 08:16:57,855 - ['70A11D1D01000026'] - Incomming WebSocket data. ['Connected']
2023-07-03 08:16:59,209 - ['0'] - Incomming WebSocket data. ['Status']
2023-07-03 08:17:05,522 - ['70A11D1D01000026'] - Incomming WebSocket data. ['Energy']
2023-07-03 08:17:06,126 - ['70A11D1D01000026'] - Incomming WebSocket data. ['Energy']
2023-07-03 08:17:14,993 - ['0'] - Incomming WebSocket data. ['Status']
2023-07-03 08:17:15,559 - ['0'] - Incomming WebSocket data. ['Status']
2023-07-03 08:17:16,624 - ['0'] - Incomming WebSocket data. ['Status']
2023-07-03 08:17:19,714 - ['70A11D1D01000026'] - Incomming WebSocket data. ['Disconnected']
2023-07-03 08:17:20,646 - ['0'] - Incomming WebSocket data. ['Status']
2023-07-03 08:17:21,423 - ['0'] - Incomming WebSocket data. ['Status']
2023-07-03 08:17:21,823 - ['0'] - Incomming WebSocket data. ['Status']
2023-07-03 08:17:24,091 - ['70A11D1D01000026'] - Incomming WebSocket data. ['Connected']
2023-07-03 08:17:26,781 - ['0'] - Incomming WebSocket data. ['Status']
2023-07-03 08:17:32,184 - ['70A11D1D01000026'] - Incomming WebSocket data. ['Status']
2023-07-03 08:17:35,627 - ['70A11D1D01000026'] - Incomming WebSocket data. ['Disconnected']
2023-07-03 08:17:42,651 - ['70A11D1D01000026'] - Incomming WebSocket data. ['Connected']
2023-07-03 08:17:44,294 - ['70A11D1D01000026'] - Incomming WebSocket data. ['Status']
2023-07-03 08:17:45,270 - ['0'] - Incomming WebSocket data. ['Status']
2023-07-03 08:18:00,323 - ['70A11D1D01000026'] - Outgoing WebSocket data. ['299']
2023-07-03 08:18:14,290 - ['70A11D1D01000023'] - Outgoing WebSocket data. ['299']
2023-07-03 08:18:18,328 - ['0'] - Incomming WebSocket data. ['Status']
2023-07-03 08:18:26,099 - ['70A11D1D01000026'] - Outgoing WebSocket data. ['299']
2023-07-03 08:18:42,586 - ['70A11D1D01000028'] - Incomming WebSocket data. ['Status']
2023-07-03 08:18:43,549 - ['70A11D1D01000028'] - Incomming WebSocket data. ['Status']
2023-07-03 08:18:44,110 - ['70A11D1D01000028'] - Incomming WebSocket data. ['Status']
2023-07-03 08:18:44,515 - ['70A11D1D01000028'] - Incomming WebSocket data. ['Status']
2023-07-03 08:18:44,929 - ['70A11D1D01000028'] - Incomming WebSocket data. ['Status']
2023-07-03 08:18:48,409 - ['70A11D1D01000028'] - Incomming WebSocket data. ['Pressure']
2023-07-03 08:18:48,794 - ['70A11D1D01000028'] - Incomming WebSocket data. ['Pressure']
2023-07-03 08:18:49,164 - ['70A11D1D01000028'] - Incomming WebSocket data. ['Pressure']
2023-07-03 08:19:15,366 - ['BroadCast'] - Outgoing WebSocket data. ['999']
2023-07-03 08:21:26,320 - ['BroadCast'] - Outgoing WebSocket data. ['999']
2023-07-03 08:21:48,360 - ['70A11D1D01000028'] - Incomming WebSocket data. ['Disconnected']
2023-07-03 08:21:48,916 - ['70A11D1D01000028'] - Incomming WebSocket data. ['Connected']
2023-07-03 08:21:51,244 - ['70A11D1D01000028'] - Incomming WebSocket data. ['Subscribe']
2023-07-03 08:22:03,864 - ['70A11D1D01000028'] - Incomming WebSocket data. ['Battery']
2023-07-03 08:22:07,906 - ['70A11D1D01000028'] - Incomming WebSocket data. ['Operator']
2023-07-03 08:22:13,352 - ['70A11D1D01000028'] - Incomming WebSocket data. ['Pressure']
2023-07-03 08:22:14,122 - ['70A11D1D01000028'] - Incomming WebSocket data. ['Pressure']
2023-07-03 08:22:14,947 - ['70A11D1D01000028'] - Incomming WebSocket data. ['Pressure']
2023-07-03 08:22:20,302 - ['70A11D1D01000028'] - Incomming WebSocket data. ['Energy']
2023-07-03 08:22:21,020 - ['70A11D1D01000028'] - Incomming WebSocket data. ['Energy']
2023-07-03 08:23:08,717 - ['0'] - Incomming WebSocket data. ['Status']
2023-07-03 08:24:30,926 - ['0'] - Incomming WebSocket data. ['Status']
2023-07-03 08:25:06,500 - ['70A11D1D01000026'] - Incomming data pack from ['STF'] - ['WeatherStat'] with ['Timed']
2023-07-03 08:25:23,243 - ['70A11D1D01000028'] - Incomming WebSocket data. ['Energy']
2023-07-03 08:25:23,896 - ['70A11D1D01000028'] - Incomming WebSocket data. ['Energy']
2023-07-03 08:25:24,555 - ['70A11D1D01000028'] - Incomming WebSocket data. ['Energy']
2023-07-03 08:27:14,362 - ['70A11D1D01000028'] - Incomming WebSocket data. ['Energy']
2023-07-03 08:27:17,100 - ['70A11D1D01000028'] - Incomming WebSocket data. ['Energy']
2023-07-03 08:27:17,959 - ['70A11D1D01000028'] - Incomming WebSocket data. ['Energy']
2023-07-03 09:06:39,452 - ['0'] - Incomming WebSocket data. ['Status']
2023-07-03 09:06:40,917 - ['0'] - Incomming WebSocket data. ['Status']
2023-07-03 09:06:42,910 - ['0'] - Incomming WebSocket data. ['Status']
2023-07-03 09:06:43,638 - ['0'] - Incomming WebSocket data. ['Status']
2023-07-03 09:06:47,537 - ['70A11D1D01000028'] - Incomming WebSocket data. ['Energy']
2023-07-03 09:06:49,336 - ['70A11D1D01000028'] - Incomming WebSocket data. ['Energy']
2023-07-03 09:06:52,570 - ['70A11D1D01000028'] - Incomming WebSocket data. ['Operator']
2023-07-03 09:06:53,388 - ['70A11D1D01000028'] - Incomming WebSocket data. ['Operator']
2023-07-03 09:06:57,647 - ['70A11D1D01000028'] - Incomming WebSocket data. ['Operator']
2023-07-03 09:06:59,581 - ['0'] - Incomming WebSocket data. ['Status']
2023-07-03 10:52:32,344 - ['0'] - Incomming WebSocket data. ['Status']
2023-07-03 10:52:39,361 - ['70A11D1D01000027'] - Incomming WebSocket data. ['Disconnected']
2023-07-03 10:52:39,447 - ['70A11D1D01000028'] - Incomming WebSocket data. ['Disconnected']
2023-07-03 10:52:39,450 - ['70A11D1D01000026'] - Incomming WebSocket data. ['Disconnected']
2023-07-03 10:52:39,461 - Service Stopped.
2023-07-03 10:52:40,374 - Service Started.
2023-07-03 10:53:10,059 - ['70A11D1D01000028'] - Incomming WebSocket data. ['Connected']
2023-07-03 10:53:15,119 - ['70A11D1D01000027'] - Incomming WebSocket data. ['Connected']
2023-07-03 10:53:17,631 - ['70A11D1D01000026'] - Incomming WebSocket data. ['Connected']
2023-07-03 10:53:23,090 - ['0'] - Incomming WebSocket data. ['Status']
2023-07-03 10:54:30,669 - ['70A11D1D01000028'] - Incomming WebSocket data. ['Subscribe']
2023-07-03 10:54:36,703 - ['70A11D1D01000028'] - Incomming WebSocket data. ['Battery']
2023-07-03 10:54:41,084 - ['70A11D1D01000028'] - Incomming WebSocket data. ['Operator']
2023-07-03 10:54:49,814 - ['70A11D1D01000028'] - Incomming WebSocket data. ['Energy']
2023-07-03 10:54:50,425 - ['70A11D1D01000028'] - Incomming WebSocket data. ['Energy']
2023-07-03 10:54:50,997 - ['70A11D1D01000028'] - Incomming WebSocket data. ['Energy']
2023-07-03 10:54:54,078 - ['70A11D1D01000028'] - Incomming WebSocket data. ['Pressure']
2023-07-03 10:54:54,566 - ['70A11D1D01000028'] - Incomming WebSocket data. ['Pressure']
2023-07-03 10:54:54,957 - ['70A11D1D01000028'] - Incomming WebSocket data. ['Pressure']
2023-07-03 10:54:58,954 - ['70A11D1D01000028'] - Incomming WebSocket data. ['Status']
2023-07-03 10:54:59,455 - ['70A11D1D01000028'] - Incomming WebSocket data. ['Status']
2023-07-03 10:55:00,140 - ['70A11D1D01000028'] - Incomming WebSocket data. ['Status']
2023-07-03 10:55:16,932 - ['70A11D1D01000028'] - Incomming WebSocket data. ['Wrong Device']
2023-07-03 10:55:37,826 - ['70A11D1D01000026'] - Outgoing WebSocket data. ['299']
2023-07-03 10:55:48,801 - ['70A11D1D01000026'] - Outgoing WebSocket data. ['2999']
2023-07-03 10:56:01,030 - ['70A11D1D0100002'] - Outgoing WebSocket data. ['2999']
2023-07-03 10:56:16,130 - ['BroadCast'] - Outgoing WebSocket data. ['999']
2023-07-03 10:56:27,330 - ['0'] - Incomming WebSocket data. ['Status']
2023-07-03 10:56:30,757 - ['70A11D1D01000026'] - Incomming WebSocket data. ['Disconnected']
2023-07-03 10:56:32,036 - ['0'] - Incomming WebSocket data. ['Status']
2023-07-03 10:57:37,411 - ['70A11D1D01000026'] - Incomming data pack from ['STF'] - ['WeatherStat'] with ['Timed']
2023-07-03 10:57:47,146 - Unknown data come from device. ['127.0.0.1']
2023-07-03 10:58:01,726 - Wrong device data pack from ['STF'] - ['PowerStat'] (WeatherStat) with ['Timed']
2023-07-03 10:58:09,652 - Wrong device data pack from ['Unknown'] - ['Unknown'] (WeatherStat) with ['Unknown']
2023-07-03 10:59:02,128 - ['0'] - Incomming WebSocket data. ['Status']
2023-07-03 12:52:39,553 - ['70A11D1D01000027'] - Incomming WebSocket data. ['Disconnected']
2023-07-03 12:52:39,884 - ['70A11D1D01000028'] - Incomming WebSocket data. ['Disconnected']
2023-07-03 12:52:39,893 - Service Stopped.
2023-07-03 12:52:40,734 - Service Started.
2023-07-03 12:53:23,942 - Service Stopped.
2023-07-03 12:53:24,431 - Service Started.
2023-07-03 14:23:02,057 - Service Started.
2023-07-03 14:23:05,101 - Service Stopped.
2023-07-03 14:23:05,510 - Service Started.
2023-07-03 14:23:05,712 - Service Stopped.
2023-07-03 14:23:06,045 - Service Started.
2023-07-03 14:23:06,756 - Service Stopped.
2023-07-03 14:23:07,130 - Service Started.
2023-07-03 14:23:07,436 - Service Stopped.
2023-07-03 14:23:07,753 - Service Started.
2023-07-03 14:23:08,057 - Service Stopped.
2023-07-03 14:23:08,390 - Service Started.
2023-07-03 14:23:08,896 - Service Stopped.
2023-07-03 14:23:09,221 - Service Started.
2023-07-03 14:23:09,527 - Service Stopped.
2023-07-03 14:23:09,892 - Service Started.
2023-07-03 14:23:10,096 - Service Stopped.
2023-07-03 14:23:10,399 - Service Started.
2023-07-03 14:23:10,703 - Service Stopped.
2023-07-03 14:23:11,028 - Service Started.
2023-07-03 14:23:11,332 - Service Stopped.
2023-07-03 14:23:11,650 - Service Started.
2023-07-03 14:23:12,157 - Service Stopped.
2023-07-03 14:23:12,483 - Service Started.
2023-07-03 14:23:13,293 - Service Stopped.
2023-07-03 14:23:13,620 - Service Started.
2023-07-03 14:23:14,228 - Service Stopped.
2023-07-03 14:23:14,547 - Service Started.
2023-07-03 14:23:15,055 - Service Stopped.
2023-07-03 14:23:15,383 - Service Started.
2023-07-03 14:23:15,687 - Service Stopped.
2023-07-03 14:23:16,014 - Service Started.
2023-07-03 14:23:18,440 - Service Stopped.
2023-07-03 14:23:18,768 - Service Started.
2023-07-03 14:23:22,106 - Service Stopped.
2023-07-03 14:23:22,440 - Service Started.
2023-07-03 14:23:22,642 - Service Stopped.
2023-07-03 14:23:22,941 - Service Started.
2023-07-03 14:23:36,364 - ['70A11D1D01000028'] - Incomming WebSocket data. ['Connected']
2023-07-03 14:23:36,420 - ['70A11D1D01000028'] - Incomming WebSocket data. ['Disconnected']
2023-07-03 14:23:36,521 - Service Stopped.
2023-07-03 14:23:37,266 - Service Started.
2023-07-03 14:23:37,672 - Service Stopped.
2023-07-03 14:23:38,010 - Service Started.
2023-07-03 14:23:38,011 - ['70A11D1D01000028'] - Incomming WebSocket data. ['Connected']
2023-07-03 14:23:38,720 - ['70A11D1D01000028'] - Incomming WebSocket data. ['Disconnected']
2023-07-03 14:23:38,822 - Service Stopped.
2023-07-03 14:23:39,154 - Service Started.
2023-07-03 14:23:39,457 - Service Stopped.
2023-07-03 14:23:39,852 - Service Started.
2023-07-03 14:23:40,054 - Service Stopped.
2023-07-03 14:23:40,370 - Service Started.
2023-07-03 14:23:40,878 - Service Stopped.
2023-07-03 14:23:41,209 - Service Started.
2023-07-03 14:23:41,512 - Service Stopped.
2023-07-03 14:23:41,849 - Service Started.
2023-07-03 14:23:42,356 - Service Stopped.
2023-07-03 14:23:42,695 - Service Started.
2023-07-03 14:23:43,202 - Service Stopped.
2023-07-03 14:23:43,528 - Service Started.
2023-07-03 14:23:44,137 - Service Stopped.
2023-07-03 14:23:44,446 - Service Started.
2023-07-03 14:23:44,751 - Service Stopped.
2023-07-03 14:23:45,078 - Service Started.
2023-07-03 14:23:45,281 - Service Stopped.
2023-07-03 14:23:45,590 - Service Started.
2023-07-03 14:23:49,433 - Service Stopped.
2023-07-03 14:24:22,852 - Service Started.
2023-07-03 14:24:23,458 - Service Stopped.
2023-07-03 14:24:23,783 - Service Started.
2023-07-03 14:24:24,087 - Service Stopped.
2023-07-03 14:24:24,412 - Service Started.
2023-07-03 14:24:24,919 - Service Stopped.
2023-07-03 14:24:25,404 - Service Started.
2023-07-03 14:24:29,255 - Service Stopped.
2023-07-03 14:24:29,594 - Service Started.
2023-07-03 14:24:30,202 - Service Stopped.
2023-07-03 14:24:30,525 - Service Started.
2023-07-03 14:24:31,740 - Service Stopped.
2023-07-03 14:24:32,065 - Service Started.
2023-07-03 14:24:32,370 - Service Stopped.
2023-07-03 14:24:32,700 - Service Started.
2023-07-03 14:24:33,207 - Service Stopped.
2023-07-03 14:24:33,534 - Service Started.
2023-07-03 14:24:33,839 - Service Stopped.
2023-07-03 14:24:34,165 - Service Started.
2023-07-03 14:24:36,796 - Service Stopped.
2023-07-03 14:24:37,161 - Service Started.
2023-07-03 14:25:59,198 - ['0'] - Incomming WebSocket data. ['Status']
2023-07-03 14:26:05,967 - ['70A11D1D01000028'] - Incomming WebSocket data. ['Connected']
2023-07-03 14:26:09,494 - ['70A11D1D01000028'] - Incomming WebSocket data. ['Subscribe']
2023-10-11 10:22:34,109 - Service Started.
2023-10-11 10:22:35,025 - Service Stopped.
2023-10-11 10:22:38,438 - Service Started.
2023-10-11 10:26:21,168 - Service Stopped.
2023-10-11 10:26:25,108 - Service Started.
2023-10-11 10:26:27,842 - Service Stopped.
2023-10-11 10:26:30,561 - Service Started.
2023-10-11 10:27:10,530 - Service Stopped.
2023-10-11 10:27:27,631 - Service Started.
2023-10-11 10:27:31,374 - Service Stopped.
2023-10-11 10:27:34,400 - Service Started.
2023-10-11 10:27:34,403 - ['70A11D1D01000026'] - Incomming data pack ['STF'] - ['WeatherStat'] with ['Timed']
2023-10-11 10:29:11,471 - Service Stopped.
2023-10-11 10:29:14,516 - Service Started.
2023-10-11 10:29:16,641 - Service Stopped.
2023-10-11 10:29:19,979 - Service Started.
2023-10-11 10:29:20,590 - ['70A11D1D01000026'] - Incomming data pack ['STF'] - ['WeatherStat'] with ['Timed']
2023-10-11 10:29:50,012 - Service Stopped.
2023-10-11 10:29:53,270 - Service Started.
2023-10-11 10:29:55,295 - Service Stopped.
2023-10-11 10:29:58,187 - Service Started.
2023-10-11 10:29:58,191 - ['70A11D1D01000026'] - Incomming data pack ['STF'] - ['WeatherStat'] with ['Timed']
2023-10-11 10:31:39,876 - Service Stopped.
2023-10-11 10:31:45,829 - Service Started.
2023-10-11 10:31:47,044 - Service Stopped.
2023-10-11 10:31:50,783 - Service Started.
2023-10-11 10:31:54,931 - Service Stopped.
2023-10-11 10:31:57,678 - Service Started.
2023-10-11 10:31:58,286 - Service Stopped.
2023-10-11 10:33:46,380 - Service Started.
2023-10-11 10:33:47,095 - Service Stopped.
2023-10-11 10:34:18,936 - Service Started.
2023-10-11 10:34:39,969 - Service Stopped.
2023-10-11 10:34:43,008 - Service Started.
2023-10-11 10:34:44,726 - Service Stopped.
2023-10-11 10:34:52,918 - Service Started.
2023-10-11 10:34:56,673 - Service Stopped.
2023-10-11 10:35:00,786 - Service Started.
2023-10-11 10:35:02,721 - Service Stopped.
2023-10-11 10:35:05,810 - Service Started.
2023-10-11 10:35:06,216 - Service Stopped.
2023-10-11 10:35:27,522 - Service Started.
2023-10-11 10:35:32,496 - ['70A11D1D01000026'] - Incomming data pack ['STF'] - ['WeatherStat'] with ['Timed']
2023-10-11 10:36:34,587 - Service Stopped.
2023-10-11 10:36:49,844 - Service Started.
2023-10-11 10:36:52,377 - Service Stopped.
2023-10-11 10:36:55,581 - Service Started.
2023-10-11 10:36:56,020 - Service Stopped.
2023-10-11 10:36:59,056 - Service Started.
2023-10-11 10:37:01,783 - ['70A11D1D01000026'] - Incomming data pack ['STF'] - ['WeatherStat'] with ['Timed']
2023-10-11 10:38:18,232 - Service Stopped.
2023-10-11 10:38:38,819 - Service Started.
2023-10-11 10:38:45,802 - ['70A11D1D01000026'] - Incomming data pack ['STF'] - ['WeatherStat'] with ['Timed']
2023-10-11 10:39:30,975 - Service Stopped.
2023-10-11 10:39:33,973 - Service Started.
2023-10-11 10:39:35,895 - Service Stopped.
2023-10-11 10:39:43,261 - Service Started.
2023-10-11 10:39:43,467 - Service Stopped.
2023-10-11 10:39:52,156 - Service Started.
2023-10-11 10:39:53,373 - Service Stopped.
2023-10-11 10:39:56,217 - Service Started.
2023-10-11 10:39:57,333 - Service Stopped.
2023-10-11 10:40:00,719 - Service Started.
2023-10-11 10:40:00,922 - Service Stopped.
2023-10-11 10:40:06,316 - Service Started.
2023-10-11 10:40:07,331 - Service Stopped.
2023-10-11 10:40:13,728 - Service Started.
2023-10-11 10:40:16,155 - Service Stopped.
2023-10-11 10:40:26,734 - Service Started.
2023-10-11 10:40:27,543 - Service Stopped.
2023-10-11 10:40:34,136 - Service Started.
2023-10-11 10:40:34,339 - Service Stopped.
2023-10-11 10:40:47,312 - Service Started.
2023-10-11 10:40:48,528 - Service Stopped.
2023-10-11 10:40:54,939 - Service Started.
2023-10-11 10:40:55,547 - Service Stopped.
2023-10-11 10:40:58,359 - Service Started.
2023-10-11 10:40:59,678 - Service Stopped.
2023-10-11 10:41:02,512 - Service Started.
2023-10-11 10:41:04,131 - Service Stopped.
2023-10-11 10:41:10,503 - Service Started.
2023-10-11 10:41:11,010 - Service Stopped.
2023-10-11 10:41:17,486 - Service Started.
2023-10-11 10:41:18,511 - Service Stopped.
2023-10-11 10:41:23,351 - Service Started.
2023-10-11 10:41:23,555 - Service Stopped.
2023-10-11 10:41:29,870 - Service Started.
2023-10-11 10:41:30,682 - Service Stopped.
2023-10-11 10:41:37,118 - Service Started.
2023-10-11 10:41:38,943 - Service Stopped.
2023-10-11 10:42:04,899 - Service Started.
2023-10-11 10:42:06,921 - Service Stopped.
2023-10-11 10:42:12,101 - Service Started.
2023-10-11 10:42:15,642 - Service Stopped.
2023-10-11 10:42:21,549 - Service Started.
2023-10-11 10:42:27,117 - Service Stopped.
2023-10-11 10:42:30,067 - Service Started.
2023-10-11 10:42:33,004 - Service Stopped.
2023-10-11 10:42:49,470 - Service Started.
2023-10-11 10:43:04,755 - Service Stopped.
2023-10-11 10:43:13,087 - Service Started.
2023-10-11 10:43:24,578 - ['70A11D1D01000026'] - Incomming data pack ['STF'] - ['WeatherStat'] with ['Timed']
2023-10-11 10:44:19,639 - Service Stopped.
2023-10-11 10:44:22,931 - Service Started.
2023-10-11 10:44:25,161 - Service Stopped.
2023-10-11 10:44:28,086 - Service Started.
2023-10-11 10:44:29,911 - ['70A11D1D01000026'] - Incomming data pack ['STF'] - ['WeatherStat'] with ['Timed']
2023-10-11 10:44:59,377 - Service Stopped.
2023-10-11 10:45:06,611 - Service Started.
2023-10-11 10:45:10,354 - Service Stopped.
2023-10-11 10:45:13,716 - Service Started.
2023-10-11 10:45:14,122 - Service Stopped.
2023-10-11 10:45:29,811 - Service Started.
2023-10-11 10:50:03,059 - Service Stopped.
2023-10-11 10:50:23,292 - Service Started.
2023-10-11 10:50:28,054 - Service Stopped.
2023-10-11 10:51:04,808 - Service Started.
2023-10-11 10:51:05,317 - Service Stopped.
2023-10-11 10:51:08,073 - Service Started.
2023-10-11 10:51:26,476 - Service Stopped.
2023-10-11 10:51:29,577 - Service Started.
2023-10-11 10:51:30,995 - Service Stopped.
2023-10-11 10:51:34,615 - Service Started.
2023-10-11 10:51:46,840 - ['70A11D1D01000026'] - Incomming data pack ['STF'] - ['WeatherStat'] with ['Timed']
2023-10-11 10:55:11,454 - Service Stopped.
2023-10-11 10:55:16,709 - Service Started.
2023-10-11 10:55:20,354 - Service Stopped.
2023-10-11 10:55:25,069 - Service Started.
2023-10-11 10:55:27,206 - ['70A11D1D01000026'] - Incomming data pack ['STF'] - ['WeatherStat'] with ['Timed']
2023-10-11 10:56:06,382 - Service Stopped.
2023-10-11 10:56:23,012 - Service Started.
2023-10-11 10:56:28,880 - ['70A11D1D01000026'] - Incomming data pack ['STF'] - ['WeatherStat'] with ['Timed']
2023-10-11 10:56:37,309 - Service Stopped.
2023-10-11 10:56:41,051 - Service Started.
2023-10-11 10:56:44,084 - Service Stopped.
2023-10-11 10:56:46,819 - Service Started.
2023-10-11 10:56:49,494 - ['70A11D1D01000026'] - Incomming data pack ['STF'] - ['WeatherStat'] with ['Timed']
2023-10-11 10:56:51,403 - ['70A11D1D01000026'] - Incomming data pack ['STF'] - ['WeatherStat'] with ['Timed']
2023-10-11 10:56:54,308 - ['70A11D1D01000026'] - Incomming data pack ['STF'] - ['WeatherStat'] with ['Timed']
2023-10-11 10:58:47,062 - Service Stopped.
2023-10-11 10:58:52,691 - Service Started.
2023-10-11 10:58:53,604 - Service Stopped.
2023-10-11 10:58:56,434 - Service Started.
2023-10-11 10:58:56,639 - Service Stopped.
2023-10-11 10:59:05,338 - Service Started.
2023-10-11 10:59:23,233 - Service Stopped.
2023-10-11 10:59:26,261 - Service Started.
2023-10-11 10:59:31,831 - Service Stopped.
2023-10-11 10:59:35,384 - Service Started.
2023-10-11 10:59:40,639 - ['70A11D1D01000026'] - Incomming data pack ['STF'] - ['WeatherStat'] with ['Timed']
2023-10-11 11:01:28,311 - Service Stopped.
2023-10-11 11:01:39,402 - Service Started.
2023-10-11 11:01:42,742 - Service Stopped.
2023-10-11 11:01:50,826 - Service Started.
2023-10-11 11:01:53,456 - ['70A11D1D01000026'] - Incomming data pack ['STF'] - ['WeatherStat'] with ['Timed']
2023-10-11 11:02:24,960 - ['70A11D1D01000026'] - Incomming data pack ['STF'] - ['WeatherStat'] with ['Timed']
2023-10-11 11:03:09,499 - Service Stopped.
2023-10-11 11:03:32,434 - Service Started.
2023-10-11 11:03:41,620 - ['70A11D1D01000026'] - Incomming data pack ['STF'] - ['WeatherStat'] with ['Timed']
2023-10-11 11:05:13,399 - Service Stopped.
2023-10-11 11:05:17,830 - Service Started.
2023-10-11 11:05:21,378 - Service Stopped.
2023-10-11 11:05:24,157 - Service Started.
2023-10-11 11:06:28,791 - Service Stopped.
2023-10-11 11:06:32,922 - Service Started.
2023-10-11 11:06:36,371 - Service Stopped.
2023-10-11 11:06:39,132 - Service Started.
2023-10-11 11:06:50,859 - Service Stopped.
2023-10-11 11:07:00,532 - Service Started.
2023-10-11 11:07:03,778 - Service Stopped.
2023-10-11 11:07:06,459 - Service Started.
2023-10-11 11:07:09,649 - Unknown data come from device. ['127.0.0.1']
2023-10-11 11:08:45,480 - Service Stopped.
2023-10-11 11:08:48,709 - Service Started.
2023-10-11 11:09:10,784 - Unknown data come from device. ['127.0.0.1']
2023-10-11 11:09:48,256 - Service Stopped.
2023-10-11 11:09:51,446 - Service Started.
2023-10-11 11:09:52,559 - Service Stopped.
2023-10-11 11:09:59,409 - Service Started.
2023-10-11 11:10:09,827 - Unknown data come from device. ['127.0.0.1']
2023-10-11 11:10:39,134 - Service Stopped.
2023-10-11 11:11:10,380 - Service Started.
2023-10-11 11:11:10,587 - Service Stopped.
2023-10-11 11:11:13,346 - Service Started.
2023-10-11 11:11:21,574 - Unknown data come from device. ['127.0.0.1']
2023-10-11 11:12:27,835 - Service Stopped.
2023-10-11 11:12:32,046 - Service Started.
2023-10-11 11:12:33,967 - Service Stopped.
2023-10-11 11:12:36,740 - Service Started.
2023-10-11 11:12:37,856 - Service Stopped.
2023-10-11 11:12:48,339 - Service Started.
2023-10-11 11:12:48,545 - Service Stopped.
2023-10-11 11:12:55,036 - Service Started.
2023-10-11 11:12:59,743 - Unknown data come from device. ['127.0.0.1']
2023-10-11 11:13:16,929 - Service Stopped.
2023-10-11 11:13:20,589 - Service Started.
2023-10-11 11:13:22,637 - Unknown data come from device. ['127.0.0.1']
2023-10-11 11:13:25,007 - Service Stopped.
2023-10-11 11:13:28,536 - Service Started.
2023-10-11 11:13:32,588 - Unknown data come from device. ['127.0.0.1']
2023-10-11 11:13:43,786 - Service Stopped.
2023-10-11 11:13:53,224 - Service Started.
2023-10-11 11:13:55,477 - Unknown data come from device. ['127.0.0.1']
2023-10-11 11:14:10,616 - Service Stopped.
2023-10-11 11:14:13,592 - Service Started.
2023-10-11 11:14:17,341 - Service Stopped.
2023-10-11 11:14:20,129 - Service Started.
2023-10-11 11:15:27,374 - Service Stopped.
2023-10-11 11:15:30,618 - Service Started.
2023-10-11 11:15:31,832 - Service Stopped.
2023-10-11 11:15:34,915 - Service Started.
2023-10-11 11:15:39,356 - Unknown data come from device. ['127.0.0.1']
2023-10-11 11:15:58,988 - Service Stopped.
2023-10-11 11:16:02,269 - Service Started.
2023-10-11 11:16:06,417 - Service Stopped.
2023-10-11 11:16:09,142 - Service Started.
2023-10-11 11:16:10,542 - Unknown data come from device. ['127.0.0.1']
2023-10-11 11:16:12,660 - Unknown data come from device. ['127.0.0.1']
2023-10-11 11:17:39,149 - Service Stopped.
2023-10-11 11:17:45,417 - Service Started.
2023-10-11 11:17:45,925 - Service Stopped.
2023-10-11 11:17:48,874 - Service Started.
2023-10-11 11:17:51,310 - Service Stopped.
2023-10-11 11:17:54,887 - Service Started.
2023-10-11 11:17:56,411 - Service Stopped.
2023-10-11 11:17:59,579 - Service Started.
2023-10-11 11:18:04,003 - Unknown data come from device. ['127.0.0.1']
2023-10-11 11:18:20,838 - Service Stopped.
2023-10-11 11:18:24,477 - Service Started.
2023-10-11 11:18:29,914 - Unknown data come from device. ['127.0.0.1']
2023-10-11 11:18:40,049 - Service Stopped.
2023-10-11 11:18:42,805 - Service Started.
2023-10-11 11:18:43,210 - Service Stopped.
2023-10-11 11:18:55,338 - Service Started.
2023-10-11 11:18:56,052 - Service Stopped.
2023-10-11 11:19:00,010 - Service Started.
2023-10-11 11:19:00,517 - Service Stopped.
2023-10-11 11:19:04,349 - Service Started.
2023-10-11 11:19:07,085 - Unknown data come from device. ['127.0.0.1']
2023-10-11 11:19:12,915 - Unknown data come from device. ['127.0.0.1']
2023-10-11 11:20:18,777 - Service Stopped.
2023-10-11 11:20:24,564 - Service Started.
2023-10-11 11:20:29,529 - Service Stopped.
2023-10-11 11:20:32,451 - Service Started.
2023-10-11 11:20:34,065 - Unknown data come from device. ['127.0.0.1']
2023-10-11 11:24:20,487 - Service Stopped.
2023-10-11 11:24:23,644 - Service Started.
2023-10-11 11:24:45,790 - Service Stopped.
2023-10-11 11:24:48,738 - Service Started.
2023-10-11 11:24:49,143 - Service Stopped.
2023-10-11 11:25:24,810 - Service Started.
2023-10-11 11:25:31,774 - Unknown data come from device. ['127.0.0.1']
2023-10-11 11:26:14,575 - Service Stopped.
2023-10-11 11:26:17,615 - Service Started.
2023-10-11 11:26:19,745 - Service Stopped.
2023-10-11 11:26:30,370 - Service Started.
2023-10-11 11:26:31,078 - Service Stopped.
2023-10-11 11:26:41,937 - Service Started.
2023-10-11 11:26:48,710 - Service Stopped.
2023-10-11 11:26:53,056 - Service Started.
2023-10-11 11:26:54,269 - Service Stopped.
2023-10-11 11:26:57,098 - Service Started.
2023-10-11 11:26:58,724 - Service Stopped.
2023-10-11 11:27:01,400 - Service Started.
2023-10-11 11:27:04,325 - Unknown data come from device. ['127.0.0.1']
2023-10-11 11:27:26,261 - Service Stopped.
2023-10-11 11:27:29,257 - Service Started.
2023-10-11 11:27:29,865 - Service Stopped.
2023-10-11 11:27:32,745 - Service Started.
2023-10-11 11:27:39,649 - Unknown data come from device. ['127.0.0.1']
2023-10-11 11:27:57,131 - ['70A11D1D01000026'] - Incomming data pack ['STF'] - ['WeatherStat'] with ['Timed']
2023-10-11 11:28:19,573 - Service Stopped.
2023-10-11 11:28:26,163 - Service Started.
2023-10-11 11:28:27,583 - Service Stopped.
2023-10-11 11:28:34,190 - Service Started.
2023-10-11 11:28:37,504 - Unknown data come from device. ['127.0.0.1']
2023-10-11 11:30:02,262 - Unknown data come from device. ['127.0.0.1']
2023-10-11 11:30:03,913 - Unknown data come from device. ['127.0.0.1']
2023-10-11 11:34:01,260 - ['70A11D1D01000026'] - Incomming data pack ['STF'] - ['WeatherStat'] with ['Timed']
2023-10-11 11:39:37,961 - ['70A11D1D01000026'] - Incomming data pack ['STF'] - ['WeatherStat'] with ['Timed']
2023-10-11 11:40:02,511 - Unknown data come from device. ['127.0.0.1']
2023-10-11 11:43:32,401 - Service Stopped.
2023-10-11 11:43:36,331 - Service Started.
